564
ACA
ADA
AEA
AFA
AGA
AHA
AIA
AJA
AKA
ALA
AMA
ANA
AOA
APA
AQA
ARA
ASA
ATA
AUA
AVA
AWA
AXA
AYA
AZA
BAB
BBB
BCB
BDB
BEB
BFB
BGB
BHB
BIB
BJB
BKB
BLB
BMB
BNB
BOB
BPB
BQB
BRB
BSB
BTB
BUB
BVB
BWB
BXB
BYB
BZB
CAC
CBC
CEC
CFC
CGC
CHC
CIC
CJC
CKC
CLC
CMC
CNC
COC
CPC
CQC
CRC
CSC
CTC
CUC
CVC
CWC
CXC
CYC
CZC
DAD
DDD
DED
DFD
DGD
DHD
DID
DJD
DKD
DLD
DMD
DND
DOD
DPD
DQD
DRD
DSD
DTD
DUD
DVD
DWD
DXD
DYD
DZD
ECE
EDE
EEE
EFE
EGE
EHE
EIE
EJE
EKE
ELE
EME
ENE
EOE
EPE
EQE
ERE
ESE
ETE
EUE
EVE
EWE
EXE
EYE
EZE
FAF
FBF
FCF
FDF
FEF
FFF
FGF
FHF
FIF
FJF
FKF
FLF
FMF
FNF
FOF
FPF
FQF
FRF
FSF
FTF
FUF
FVF
FWF
FXF
FYF
FZF
GAG
GBG
GEG
GFG
GGG
GHG
GIG
GJG
GKG
GLG
GMG
GNG
GOG
GPG
GQG
GRG
GSG
GTG
GUG
GVG
GWG
GXG
GYG
GZG
HAH
HDH
HEH
HFH
HGH
HHH
HIH
HJH
HKH
HLH
HMH
HNH
HOH
HPH
HQH
HRH
HSH
HTH
HUH
HVH
HWH
HXH
HYH
HZH
ICI
IDI
IEI
IFI
IGI
IHI
III
IJI
IKI
ILI
IMI
INI
IOI
IPI
IQI
IRI
ISI
ITI
IUI
IVI
IWI
IXI
IYI
IZI
JAJ
JBJ
JCJ
JDJ
JEJ
JFJ
JGJ
JHJ
JIJ
JJJ
JKJ
JLJ
JMJ
JNJ
JOJ
JPJ
JQJ
JRJ
JSJ
JTJ
JUJ
JVJ
JWJ
JXJ
JYJ
JZJ
KAK
KBK
KEK
KFK
KGK
KHK
KIK
KJK
KKK
KLK
KMK
KNK
KOK
KPK
KQK
KRK
KSK
KTK
KUK
KVK
KWK
KXK
KYK
KZK
LAL
LDL
LEL
LFL
LGL
LHL
LIL
LJL
LKL
LLL
LML
LNL
LOL
LPL
LQL
LRL
LSL
LTL
LUL
LVL
LWL
LXL
LYL
LZL
MCM
MDM
MEM
MFM
MGM
MHM
MIM
MJM
MKM
MLM
MMM
MNM
MOM
MPM
MQM
MRM
MSM
MTM
MUM
MVM
MWM
MXM
MYM
MZM
NAN
NBN
NCN
NDN
NEN
NFN
NGN
NHN
NIN
NJN
NKN
NLN
NMN
NNN
NON
NPN
NQN
NRN
NSN
NTN
NUN
NVN
NWN
NXN
NYN
NZN
OAO
OBO
OEO
OFO
OGO
OHO
OIO
OJO
OKO
OLO
OMO
ONO
OOO
OPO
OQO
ORO
OSO
OTO
OUO
OVO
OWO
OXO
OYO
OZO
PAP
PDP
PEP
PFP
PGP
PHP
PIP
PJP
PKP
PLP
PMP
PNP
POP
PPP
PQP
PRP
PSP
PTP
PUP
PVP
PWP
PXP
PYP
PZP
QCQ
QDQ
QEQ
QFQ
QGQ
QHQ
QIQ
QJQ
QKQ
QLQ
QMQ
QNQ
QOQ
QPQ
QQQ
QRQ
QSQ
QTQ
QUQ
QVQ
QWQ
QXQ
QYQ
QZQ
RAR
RBR
RCR
RDR
RER
RFR
RGR
RHR
RIR
RJR
RKR
RLR
RMR
RNR
ROR
RPR
RQR
RRR
RSR
RTR
RUR
RVR
RWR
RXR
RYR
RZR
SAS
SBS
SES
SFS
SGS
SHS
SIS
SJS
SKS
SLS
SMS
SNS
SOS
SPS
SQS
SRS
SSS
STS
SUS
SVS
SWS
SXS
SYS
SZS
TAT
TDT
TET
TFT
TGT
THT
TIT
TJT
TKT
TLT
TMT
TNT
TOT
TPT
TQT
TRT
TST
TTT
TUT
TVT
TWT
TXT
TYT
TZT
UCU
UDU
UEU
UFU
UGU
UHU
UIU
UJU
UKU
ULU
UMU
UNU
UOU
UPU
UQU
URU
USU
UTU
UUU
UVU
UWU
UXU
UYU
UZU
VAV
VBV
VCV
VDV
VEV
VFV
VGV
VHV
VIV
VJV
VKV
VLV
VMV
VNV
VOV
VPV
VQV
VRV
VSV
VTV
VUV
VVV
VWV
VXV
VYV
VZV
WAW
WBW
WEW
WFW
WGW
WHW
WIW
WJW
WKW
WLW
WMW
WNW
WOW
WPW
WQW
WRW
WSW
WTW
WUW
WVW
WWW
WXW
WYW
WZW
